#! /usr/bin/vvp
:ivl_version "10.1 (stable)";
:ivl_delay_selection "TYPICAL";
:vpi_time_precision + 0;
:vpi_module "system";
:vpi_module "vhdl_sys";
:vpi_module "v2005_math";
:vpi_module "va_math";
S_0x55910d569550 .scope module, "test_my_nor" "test_my_nor" 2 1;
 .timescale 0 0;
v0x55910d589bd0_0 .var "a", 0 0;
v0x55910d589ca0_0 .var "b", 0 0;
v0x55910d589d70_0 .net "out", 0 0, L_0x55910d589fb0;  1 drivers
S_0x55910d5696d0 .scope module, "ma2" "my_nor" 2 5, 3 1 0, S_0x55910d569550;
 .timescale 0 0;
    .port_info 0 /INPUT 1 "A"
    .port_info 1 /INPUT 1 "B"
    .port_info 2 /OUTPUT 1 "Y"
L_0x55910d589e70 .functor OR 1, v0x55910d589bd0_0, v0x55910d589ca0_0, C4<0>, C4<0>;
L_0x55910d589fb0 .functor NOT 1, L_0x55910d589e70, C4<0>, C4<0>, C4<0>;
v0x55910d5698f0_0 .net "A", 0 0, v0x55910d589bd0_0;  1 drivers
v0x55910d589910_0 .net "B", 0 0, v0x55910d589ca0_0;  1 drivers
v0x55910d5899d0_0 .net "Y", 0 0, L_0x55910d589fb0;  alias, 1 drivers
v0x55910d589a70_0 .net *"_s0", 0 0, L_0x55910d589e70;  1 drivers
    .scope S_0x55910d569550;
T_0 ;
    %vpi_call 2 8 "$dumpfile", "test_my_nor.vcd" {0 0 0};
    %vpi_call 2 9 "$dumpvars", 32'sb00000000000000000000000000000000, S_0x55910d569550 {0 0 0};
    %vpi_call 2 10 "$monitor", "%t: a = %b, b = %b, out = %b", $time, v0x55910d589bd0_0, v0x55910d589ca0_0, v0x55910d589d70_0 {0 0 0};
    %pushi/vec4 0, 0, 1;
    %store/vec4 v0x55910d589bd0_0, 0, 1;
    %pushi/vec4 0, 0, 1;
    %store/vec4 v0x55910d589ca0_0, 0, 1;
    %delay 10, 0;
    %pushi/vec4 1, 0, 1;
    %store/vec4 v0x55910d589ca0_0, 0, 1;
    %delay 10, 0;
    %pushi/vec4 1, 0, 1;
    %store/vec4 v0x55910d589bd0_0, 0, 1;
    %pushi/vec4 0, 0, 1;
    %store/vec4 v0x55910d589ca0_0, 0, 1;
    %delay 10, 0;
    %pushi/vec4 1, 0, 1;
    %store/vec4 v0x55910d589bd0_0, 0, 1;
    %pushi/vec4 1, 0, 1;
    %store/vec4 v0x55910d589ca0_0, 0, 1;
    %vpi_call 2 15 "$finish" {0 0 0};
    %end;
    .thread T_0;
# The file index is used to find the file name in the following table.
:file_names 4;
    "N/A";
    "<interactive>";
    "test_my_nor.v";
    "my_nor.v";
