#! /usr/bin/vvp
:ivl_version "10.1 (stable)";
:ivl_delay_selection "TYPICAL";
:vpi_time_precision + 0;
:vpi_module "system";
:vpi_module "vhdl_sys";
:vpi_module "v2005_math";
:vpi_module "va_math";
S_0x55820b1f3c00 .scope module, "MY_FA" "MY_FA" 2 9;
 .timescale 0 0;
    .port_info 0 /INPUT 1 "Cin"
    .port_info 1 /INPUT 1 "A"
    .port_info 2 /INPUT 1 "B"
    .port_info 3 /OUTPUT 1 "R"
    .port_info 4 /OUTPUT 1 "Cout"
L_0x55820b217890 .functor OR 1, L_0x55820b217220, L_0x55820b217700, C4<0>, C4<0>;
o0x7fac2cf6e018 .functor BUFZ 1, C4<z>; HiZ drive
v0x55820b214ad0_0 .net "A", 0 0, o0x7fac2cf6e018;  0 drivers
o0x7fac2cf6e048 .functor BUFZ 1, C4<z>; HiZ drive
v0x55820b214b90_0 .net "B", 0 0, o0x7fac2cf6e048;  0 drivers
o0x7fac2cf6e258 .functor BUFZ 1, C4<z>; HiZ drive
v0x55820b214c60_0 .net "Cin", 0 0, o0x7fac2cf6e258;  0 drivers
v0x55820b214d60_0 .net "Cout", 0 0, L_0x55820b217890;  1 drivers
v0x55820b214e00_0 .net "R", 0 0, L_0x55820b2175a0;  1 drivers
v0x55820b214ef0_0 .net "c1", 0 0, L_0x55820b217220;  1 drivers
v0x55820b214fc0_0 .net "c2", 0 0, L_0x55820b217700;  1 drivers
v0x55820b215090_0 .net "r1", 0 0, L_0x55820b217110;  1 drivers
S_0x55820b1f3f00 .scope module, "ha1" "my_HA" 2 13, 2 1 0, S_0x55820b1f3c00;
 .timescale 0 0;
    .port_info 0 /INPUT 1 "A"
    .port_info 1 /INPUT 1 "B"
    .port_info 2 /OUTPUT 1 "R"
    .port_info 3 /OUTPUT 1 "C"
L_0x55820b216db0 .functor NOT 1, o0x7fac2cf6e048, C4<0>, C4<0>, C4<0>;
L_0x55820b216ea0 .functor AND 1, o0x7fac2cf6e018, L_0x55820b216db0, C4<1>, C4<1>;
L_0x55820b216fb0 .functor NOT 1, o0x7fac2cf6e018, C4<0>, C4<0>, C4<0>;
L_0x55820b217020 .functor AND 1, L_0x55820b216fb0, o0x7fac2cf6e048, C4<1>, C4<1>;
L_0x55820b217110 .functor OR 1, L_0x55820b216ea0, L_0x55820b217020, C4<0>, C4<0>;
L_0x55820b217220 .functor AND 1, o0x7fac2cf6e018, o0x7fac2cf6e048, C4<1>, C4<1>;
v0x55820b1f40f0_0 .net "A", 0 0, o0x7fac2cf6e018;  alias, 0 drivers
v0x55820b213b10_0 .net "B", 0 0, o0x7fac2cf6e048;  alias, 0 drivers
v0x55820b213bd0_0 .net "C", 0 0, L_0x55820b217220;  alias, 1 drivers
v0x55820b213c70_0 .net "R", 0 0, L_0x55820b217110;  alias, 1 drivers
v0x55820b213d30_0 .net *"_s0", 0 0, L_0x55820b216db0;  1 drivers
v0x55820b213e60_0 .net *"_s2", 0 0, L_0x55820b216ea0;  1 drivers
v0x55820b213f40_0 .net *"_s4", 0 0, L_0x55820b216fb0;  1 drivers
v0x55820b214020_0 .net *"_s6", 0 0, L_0x55820b217020;  1 drivers
S_0x55820b214180 .scope module, "ha2" "my_HA" 2 14, 2 1 0, S_0x55820b1f3c00;
 .timescale 0 0;
    .port_info 0 /INPUT 1 "A"
    .port_info 1 /INPUT 1 "B"
    .port_info 2 /OUTPUT 1 "R"
    .port_info 3 /OUTPUT 1 "C"
L_0x55820b217320 .functor NOT 1, o0x7fac2cf6e258, C4<0>, C4<0>, C4<0>;
L_0x55820b217390 .functor AND 1, L_0x55820b217110, L_0x55820b217320, C4<1>, C4<1>;
L_0x55820b217490 .functor NOT 1, L_0x55820b217110, C4<0>, C4<0>, C4<0>;
L_0x55820b217500 .functor AND 1, L_0x55820b217490, o0x7fac2cf6e258, C4<1>, C4<1>;
L_0x55820b2175a0 .functor OR 1, L_0x55820b217390, L_0x55820b217500, C4<0>, C4<0>;
L_0x55820b217700 .functor AND 1, L_0x55820b217110, o0x7fac2cf6e258, C4<1>, C4<1>;
v0x55820b2143e0_0 .net "A", 0 0, L_0x55820b217110;  alias, 1 drivers
v0x55820b214480_0 .net "B", 0 0, o0x7fac2cf6e258;  alias, 0 drivers
v0x55820b214520_0 .net "C", 0 0, L_0x55820b217700;  alias, 1 drivers
v0x55820b2145c0_0 .net "R", 0 0, L_0x55820b2175a0;  alias, 1 drivers
v0x55820b214680_0 .net *"_s0", 0 0, L_0x55820b217320;  1 drivers
v0x55820b2147b0_0 .net *"_s2", 0 0, L_0x55820b217390;  1 drivers
v0x55820b214890_0 .net *"_s4", 0 0, L_0x55820b217490;  1 drivers
v0x55820b214970_0 .net *"_s6", 0 0, L_0x55820b217500;  1 drivers
S_0x55820b1f3d80 .scope module, "test_my_FA" "test_my_FA" 2 26;
 .timescale 0 0;
v0x55820b2169b0_0 .var "a", 0 0;
v0x55820b216a70_0 .var "b", 0 0;
v0x55820b216b40_0 .var "cin", 0 0;
v0x55820b216c40_0 .net "cout", 0 0, L_0x55820b218ca0;  1 drivers
v0x55820b216d10_0 .net "r", 0 0, L_0x55820b218790;  1 drivers
S_0x55820b215180 .scope module, "my_fa" "my_FA" 2 29, 2 19 0, S_0x55820b1f3d80;
 .timescale 0 0;
    .port_info 0 /INPUT 1 "Cin"
    .port_info 1 /INPUT 1 "A"
    .port_info 2 /INPUT 1 "B"
    .port_info 3 /OUTPUT 1 "R"
    .port_info 4 /OUTPUT 1 "Cout"
L_0x55820b217900 .functor NOT 1, v0x55820b216a70_0, C4<0>, C4<0>, C4<0>;
L_0x55820b217970 .functor AND 1, v0x55820b2169b0_0, L_0x55820b217900, C4<1>, C4<1>;
L_0x55820b217aa0 .functor NOT 1, v0x55820b216b40_0, C4<0>, C4<0>, C4<0>;
L_0x55820b217b60 .functor AND 1, L_0x55820b217970, L_0x55820b217aa0, C4<1>, C4<1>;
L_0x55820b217c70 .functor NOT 1, v0x55820b2169b0_0, C4<0>, C4<0>, C4<0>;
L_0x55820b217ce0 .functor AND 1, L_0x55820b217c70, v0x55820b216a70_0, C4<1>, C4<1>;
L_0x55820b217de0 .functor NOT 1, v0x55820b216b40_0, C4<0>, C4<0>, C4<0>;
L_0x55820b217e50 .functor AND 1, L_0x55820b217ce0, L_0x55820b217de0, C4<1>, C4<1>;
L_0x55820b217fb0 .functor OR 1, L_0x55820b217b60, L_0x55820b217e50, C4<0>, C4<0>;
L_0x55820b2180c0 .functor NOT 1, v0x55820b2169b0_0, C4<0>, C4<0>, C4<0>;
L_0x55820b218220 .functor NOT 1, v0x55820b216a70_0, C4<0>, C4<0>, C4<0>;
L_0x55820b218320 .functor AND 1, L_0x55820b2180c0, L_0x55820b218220, C4<1>, C4<1>;
L_0x55820b218400 .functor AND 1, L_0x55820b218320, v0x55820b216b40_0, C4<1>, C4<1>;
L_0x55820b218500 .functor OR 1, L_0x55820b217fb0, L_0x55820b218400, C4<0>, C4<0>;
L_0x55820b218390 .functor AND 1, v0x55820b2169b0_0, v0x55820b216a70_0, C4<1>, C4<1>;
L_0x55820b218640 .functor AND 1, L_0x55820b218390, v0x55820b216b40_0, C4<1>, C4<1>;
L_0x55820b218790 .functor OR 1, L_0x55820b218500, L_0x55820b218640, C4<0>, C4<0>;
L_0x55820b2188f0 .functor AND 1, v0x55820b2169b0_0, v0x55820b216a70_0, C4<1>, C4<1>;
L_0x55820b218a00 .functor AND 1, v0x55820b2169b0_0, v0x55820b216b40_0, C4<1>, C4<1>;
L_0x55820b218a70 .functor OR 1, L_0x55820b2188f0, L_0x55820b218a00, C4<0>, C4<0>;
L_0x55820b218c30 .functor AND 1, v0x55820b216b40_0, v0x55820b216a70_0, C4<1>, C4<1>;
L_0x55820b218ca0 .functor OR 1, L_0x55820b218a70, L_0x55820b218c30, C4<0>, C4<0>;
v0x55820b215350_0 .net "A", 0 0, v0x55820b2169b0_0;  1 drivers
v0x55820b215430_0 .net "B", 0 0, v0x55820b216a70_0;  1 drivers
v0x55820b2154f0_0 .net "Cin", 0 0, v0x55820b216b40_0;  1 drivers
v0x55820b2155c0_0 .net "Cout", 0 0, L_0x55820b218ca0;  alias, 1 drivers
v0x55820b215680_0 .net "R", 0 0, L_0x55820b218790;  alias, 1 drivers
v0x55820b215790_0 .net *"_s0", 0 0, L_0x55820b217900;  1 drivers
v0x55820b215870_0 .net *"_s10", 0 0, L_0x55820b217ce0;  1 drivers
v0x55820b215950_0 .net *"_s12", 0 0, L_0x55820b217de0;  1 drivers
v0x55820b215a30_0 .net *"_s14", 0 0, L_0x55820b217e50;  1 drivers
v0x55820b215b10_0 .net *"_s16", 0 0, L_0x55820b217fb0;  1 drivers
v0x55820b215bf0_0 .net *"_s18", 0 0, L_0x55820b2180c0;  1 drivers
v0x55820b215cd0_0 .net *"_s2", 0 0, L_0x55820b217970;  1 drivers
v0x55820b215db0_0 .net *"_s20", 0 0, L_0x55820b218220;  1 drivers
v0x55820b215e90_0 .net *"_s22", 0 0, L_0x55820b218320;  1 drivers
v0x55820b215f70_0 .net *"_s24", 0 0, L_0x55820b218400;  1 drivers
v0x55820b216050_0 .net *"_s26", 0 0, L_0x55820b218500;  1 drivers
v0x55820b216130_0 .net *"_s28", 0 0, L_0x55820b218390;  1 drivers
v0x55820b216210_0 .net *"_s30", 0 0, L_0x55820b218640;  1 drivers
v0x55820b2162f0_0 .net *"_s34", 0 0, L_0x55820b2188f0;  1 drivers
v0x55820b2163d0_0 .net *"_s36", 0 0, L_0x55820b218a00;  1 drivers
v0x55820b2164b0_0 .net *"_s38", 0 0, L_0x55820b218a70;  1 drivers
v0x55820b216590_0 .net *"_s4", 0 0, L_0x55820b217aa0;  1 drivers
v0x55820b216670_0 .net *"_s40", 0 0, L_0x55820b218c30;  1 drivers
v0x55820b216750_0 .net *"_s6", 0 0, L_0x55820b217b60;  1 drivers
v0x55820b216830_0 .net *"_s8", 0 0, L_0x55820b217c70;  1 drivers
    .scope S_0x55820b1f3d80;
T_0 ;
    %pushi/vec4 0, 0, 1;
    %store/vec4 v0x55820b216b40_0, 0, 1;
    %pushi/vec4 0, 0, 1;
    %store/vec4 v0x55820b2169b0_0, 0, 1;
    %pushi/vec4 0, 0, 1;
    %store/vec4 v0x55820b216a70_0, 0, 1;
    %delay 1000, 0;
    %pushi/vec4 0, 0, 1;
    %store/vec4 v0x55820b216b40_0, 0, 1;
    %pushi/vec4 0, 0, 1;
    %store/vec4 v0x55820b2169b0_0, 0, 1;
    %pushi/vec4 1, 0, 1;
    %store/vec4 v0x55820b216a70_0, 0, 1;
    %delay 1000, 0;
    %pushi/vec4 0, 0, 1;
    %store/vec4 v0x55820b216b40_0, 0, 1;
    %pushi/vec4 1, 0, 1;
    %store/vec4 v0x55820b2169b0_0, 0, 1;
    %pushi/vec4 0, 0, 1;
    %store/vec4 v0x55820b216a70_0, 0, 1;
    %delay 1000, 0;
    %pushi/vec4 0, 0, 1;
    %store/vec4 v0x55820b216b40_0, 0, 1;
    %pushi/vec4 1, 0, 1;
    %store/vec4 v0x55820b2169b0_0, 0, 1;
    %pushi/vec4 1, 0, 1;
    %store/vec4 v0x55820b216a70_0, 0, 1;
    %delay 1000, 0;
    %pushi/vec4 1, 0, 1;
    %store/vec4 v0x55820b216b40_0, 0, 1;
    %pushi/vec4 0, 0, 1;
    %store/vec4 v0x55820b2169b0_0, 0, 1;
    %pushi/vec4 0, 0, 1;
    %store/vec4 v0x55820b216a70_0, 0, 1;
    %delay 1000, 0;
    %pushi/vec4 1, 0, 1;
    %store/vec4 v0x55820b216b40_0, 0, 1;
    %pushi/vec4 0, 0, 1;
    %store/vec4 v0x55820b2169b0_0, 0, 1;
    %pushi/vec4 1, 0, 1;
    %store/vec4 v0x55820b216a70_0, 0, 1;
    %delay 1000, 0;
    %pushi/vec4 1, 0, 1;
    %store/vec4 v0x55820b216b40_0, 0, 1;
    %pushi/vec4 1, 0, 1;
    %store/vec4 v0x55820b2169b0_0, 0, 1;
    %pushi/vec4 0, 0, 1;
    %store/vec4 v0x55820b216a70_0, 0, 1;
    %delay 1000, 0;
    %pushi/vec4 1, 0, 1;
    %store/vec4 v0x55820b216b40_0, 0, 1;
    %pushi/vec4 1, 0, 1;
    %store/vec4 v0x55820b2169b0_0, 0, 1;
    %pushi/vec4 1, 0, 1;
    %store/vec4 v0x55820b216a70_0, 0, 1;
    %end;
    .thread T_0;
    .scope S_0x55820b1f3d80;
T_1 ;
    %vpi_call 2 43 "$monitor", $stime, "cin=%b a=%b b=%b r=%b cout=%b", v0x55820b216b40_0, v0x55820b2169b0_0, v0x55820b216a70_0, v0x55820b216d10_0, v0x55820b216c40_0 {0 0 0};
    %end;
    .thread T_1;
# The file index is used to find the file name in the following table.
:file_names 3;
    "N/A";
    "<interactive>";
    "checkInstall.v";
