#! /usr/bin/vvp
:ivl_version "10.1 (stable)";
:ivl_delay_selection "TYPICAL";
:vpi_time_precision + 0;
:vpi_module "system";
:vpi_module "vhdl_sys";
:vpi_module "v2005_math";
:vpi_module "va_math";
S_0x561c9b297ec0 .scope module, "test_dflipflop" "test_dflipflop" 2 1;
 .timescale 0 0;
v0x561c9b2b8520_0 .var "D", 0 0;
v0x561c9b2b85f0_0 .var "clk", 0 0;
v0x561c9b2b86c0_0 .net "q", 0 0, v0x561c9b2b8400_0;  1 drivers
S_0x561c9b298040 .scope module, "dflipflop1" "dflipflop" 2 6, 3 1 0, S_0x561c9b297ec0;
 .timescale 0 0;
    .port_info 0 /INPUT 1 "clk"
    .port_info 1 /INPUT 1 "D"
    .port_info 2 /OUTPUT 1 "q"
v0x561c9b298280_0 .net "D", 0 0, v0x561c9b2b8520_0;  1 drivers
v0x561c9b2b8340_0 .net "clk", 0 0, v0x561c9b2b85f0_0;  1 drivers
v0x561c9b2b8400_0 .var "q", 0 0;
E_0x561c9b25da90 .event posedge, v0x561c9b2b8340_0;
    .scope S_0x561c9b298040;
T_0 ;
    %wait E_0x561c9b25da90;
    %load/vec4 v0x561c9b298280_0;
    %assign/vec4 v0x561c9b2b8400_0, 0;
    %jmp T_0;
    .thread T_0;
    .scope S_0x561c9b297ec0;
T_1 ;
    %delay 10, 0;
    %load/vec4 v0x561c9b2b85f0_0;
    %inv;
    %assign/vec4 v0x561c9b2b85f0_0, 0;
    %jmp T_1;
    .thread T_1;
    .scope S_0x561c9b297ec0;
T_2 ;
    %vpi_call 2 13 "$monitor", "%t: clk = %b, D = %b, q = %b", $time, v0x561c9b2b85f0_0, v0x561c9b2b8520_0, v0x561c9b2b86c0_0 {0 0 0};
    %pushi/vec4 0, 0, 1;
    %assign/vec4 v0x561c9b2b85f0_0, 0;
    %pushi/vec4 0, 0, 1;
    %assign/vec4 v0x561c9b2b8520_0, 0;
    %delay 10, 0;
    %pushi/vec4 1, 0, 1;
    %assign/vec4 v0x561c9b2b8520_0, 0;
    %delay 50, 0;
    %pushi/vec4 0, 0, 1;
    %assign/vec4 v0x561c9b2b8520_0, 0;
    %delay 70, 0;
    %pushi/vec4 1, 0, 1;
    %assign/vec4 v0x561c9b2b8520_0, 0;
    %delay 100, 0;
    %vpi_call 2 20 "$finish" {0 0 0};
    %end;
    .thread T_2;
# The file index is used to find the file name in the following table.
:file_names 4;
    "N/A";
    "<interactive>";
    "test_dflipflop.v";
    "dflipflop.v";
