#! /usr/bin/vvp
:ivl_version "10.1 (stable)";
:ivl_delay_selection "TYPICAL";
:vpi_time_precision + 0;
:vpi_module "system";
:vpi_module "vhdl_sys";
:vpi_module "v2005_math";
:vpi_module "va_math";
S_0x562f7585c6e0 .scope module, "test_my_FA" "test_my_FA" 2 19;
 .timescale 0 0;
v0x562f7587ded0_0 .var "a", 0 0;
v0x562f7587dfc0_0 .var "b", 0 0;
v0x562f7587e0d0_0 .var "cin", 0 0;
v0x562f7587e1c0_0 .net "cout", 0 0, L_0x562f7587ece0;  1 drivers
v0x562f7587e260_0 .net "r", 0 0, L_0x562f7587eb20;  1 drivers
S_0x562f7585c860 .scope module, "my_fa" "my_FA" 2 22, 2 9 0, S_0x562f7585c6e0;
 .timescale 0 0;
    .port_info 0 /INPUT 1 "Cin"
    .port_info 1 /INPUT 1 "A"
    .port_info 2 /INPUT 1 "B"
    .port_info 3 /OUTPUT 1 "R"
    .port_info 4 /OUTPUT 1 "Cout"
L_0x562f7587ece0 .functor OR 1, L_0x562f7587e6a0, L_0x562f7587ebe0, C4<0>, C4<0>;
v0x562f7587d820_0 .net "A", 0 0, v0x562f7587ded0_0;  1 drivers
v0x562f7587d8e0_0 .net "B", 0 0, v0x562f7587dfc0_0;  1 drivers
v0x562f7587d9b0_0 .net "Cin", 0 0, v0x562f7587e0d0_0;  1 drivers
v0x562f7587dab0_0 .net "Cout", 0 0, L_0x562f7587ece0;  alias, 1 drivers
v0x562f7587db50_0 .net "R", 0 0, L_0x562f7587eb20;  alias, 1 drivers
v0x562f7587dc40_0 .net "c1", 0 0, L_0x562f7587e6a0;  1 drivers
v0x562f7587dd10_0 .net "c2", 0 0, L_0x562f7587ebe0;  1 drivers
v0x562f7587dde0_0 .net "r1", 0 0, L_0x562f7587e5e0;  1 drivers
S_0x562f7585c9e0 .scope module, "ha1" "my_HA" 2 13, 2 1 0, S_0x562f7585c860;
 .timescale 0 0;
    .port_info 0 /INPUT 1 "A"
    .port_info 1 /INPUT 1 "B"
    .port_info 2 /OUTPUT 1 "R"
    .port_info 3 /OUTPUT 1 "C"
L_0x562f7587e3a0 .functor NOT 1, v0x562f7587dfc0_0, C4<0>, C4<0>, C4<0>;
L_0x562f7587e410 .functor AND 1, v0x562f7587ded0_0, L_0x562f7587e3a0, C4<1>, C4<1>;
L_0x562f7587e4d0 .functor NOT 1, v0x562f7587ded0_0, C4<0>, C4<0>, C4<0>;
L_0x562f7587e540 .functor AND 1, L_0x562f7587e4d0, v0x562f7587dfc0_0, C4<1>, C4<1>;
L_0x562f7587e5e0 .functor OR 1, L_0x562f7587e410, L_0x562f7587e540, C4<0>, C4<0>;
L_0x562f7587e6a0 .functor AND 1, v0x562f7587ded0_0, v0x562f7587dfc0_0, C4<1>, C4<1>;
v0x562f7585cc20_0 .net "A", 0 0, v0x562f7587ded0_0;  alias, 1 drivers
v0x562f7587c860_0 .net "B", 0 0, v0x562f7587dfc0_0;  alias, 1 drivers
v0x562f7587c920_0 .net "C", 0 0, L_0x562f7587e6a0;  alias, 1 drivers
v0x562f7587c9c0_0 .net "R", 0 0, L_0x562f7587e5e0;  alias, 1 drivers
v0x562f7587ca80_0 .net *"_s0", 0 0, L_0x562f7587e3a0;  1 drivers
v0x562f7587cbb0_0 .net *"_s2", 0 0, L_0x562f7587e410;  1 drivers
v0x562f7587cc90_0 .net *"_s4", 0 0, L_0x562f7587e4d0;  1 drivers
v0x562f7587cd70_0 .net *"_s6", 0 0, L_0x562f7587e540;  1 drivers
S_0x562f7587ced0 .scope module, "ha2" "my_HA" 2 14, 2 1 0, S_0x562f7585c860;
 .timescale 0 0;
    .port_info 0 /INPUT 1 "A"
    .port_info 1 /INPUT 1 "B"
    .port_info 2 /OUTPUT 1 "R"
    .port_info 3 /OUTPUT 1 "C"
L_0x562f7587e7a0 .functor NOT 1, v0x562f7587e0d0_0, C4<0>, C4<0>, C4<0>;
L_0x562f7587e810 .functor AND 1, L_0x562f7587e5e0, L_0x562f7587e7a0, C4<1>, C4<1>;
L_0x562f7587e930 .functor NOT 1, L_0x562f7587e5e0, C4<0>, C4<0>, C4<0>;
L_0x562f7587e9a0 .functor AND 1, L_0x562f7587e930, v0x562f7587e0d0_0, C4<1>, C4<1>;
L_0x562f7587eb20 .functor OR 1, L_0x562f7587e810, L_0x562f7587e9a0, C4<0>, C4<0>;
L_0x562f7587ebe0 .functor AND 1, L_0x562f7587e5e0, v0x562f7587e0d0_0, C4<1>, C4<1>;
v0x562f7587d130_0 .net "A", 0 0, L_0x562f7587e5e0;  alias, 1 drivers
v0x562f7587d1d0_0 .net "B", 0 0, v0x562f7587e0d0_0;  alias, 1 drivers
v0x562f7587d270_0 .net "C", 0 0, L_0x562f7587ebe0;  alias, 1 drivers
v0x562f7587d310_0 .net "R", 0 0, L_0x562f7587eb20;  alias, 1 drivers
v0x562f7587d3d0_0 .net *"_s0", 0 0, L_0x562f7587e7a0;  1 drivers
v0x562f7587d500_0 .net *"_s2", 0 0, L_0x562f7587e810;  1 drivers
v0x562f7587d5e0_0 .net *"_s4", 0 0, L_0x562f7587e930;  1 drivers
v0x562f7587d6c0_0 .net *"_s6", 0 0, L_0x562f7587e9a0;  1 drivers
    .scope S_0x562f7585c6e0;
T_0 ;
    %pushi/vec4 0, 0, 1;
    %store/vec4 v0x562f7587e0d0_0, 0, 1;
    %pushi/vec4 0, 0, 1;
    %store/vec4 v0x562f7587ded0_0, 0, 1;
    %pushi/vec4 0, 0, 1;
    %store/vec4 v0x562f7587dfc0_0, 0, 1;
    %delay 1000, 0;
    %pushi/vec4 0, 0, 1;
    %store/vec4 v0x562f7587e0d0_0, 0, 1;
    %pushi/vec4 0, 0, 1;
    %store/vec4 v0x562f7587ded0_0, 0, 1;
    %pushi/vec4 1, 0, 1;
    %store/vec4 v0x562f7587dfc0_0, 0, 1;
    %delay 1000, 0;
    %pushi/vec4 0, 0, 1;
    %store/vec4 v0x562f7587e0d0_0, 0, 1;
    %pushi/vec4 1, 0, 1;
    %store/vec4 v0x562f7587ded0_0, 0, 1;
    %pushi/vec4 0, 0, 1;
    %store/vec4 v0x562f7587dfc0_0, 0, 1;
    %delay 1000, 0;
    %pushi/vec4 0, 0, 1;
    %store/vec4 v0x562f7587e0d0_0, 0, 1;
    %pushi/vec4 1, 0, 1;
    %store/vec4 v0x562f7587ded0_0, 0, 1;
    %pushi/vec4 1, 0, 1;
    %store/vec4 v0x562f7587dfc0_0, 0, 1;
    %delay 1000, 0;
    %pushi/vec4 1, 0, 1;
    %store/vec4 v0x562f7587e0d0_0, 0, 1;
    %pushi/vec4 0, 0, 1;
    %store/vec4 v0x562f7587ded0_0, 0, 1;
    %pushi/vec4 0, 0, 1;
    %store/vec4 v0x562f7587dfc0_0, 0, 1;
    %delay 1000, 0;
    %pushi/vec4 1, 0, 1;
    %store/vec4 v0x562f7587e0d0_0, 0, 1;
    %pushi/vec4 0, 0, 1;
    %store/vec4 v0x562f7587ded0_0, 0, 1;
    %pushi/vec4 1, 0, 1;
    %store/vec4 v0x562f7587dfc0_0, 0, 1;
    %delay 1000, 0;
    %pushi/vec4 1, 0, 1;
    %store/vec4 v0x562f7587e0d0_0, 0, 1;
    %pushi/vec4 1, 0, 1;
    %store/vec4 v0x562f7587ded0_0, 0, 1;
    %pushi/vec4 0, 0, 1;
    %store/vec4 v0x562f7587dfc0_0, 0, 1;
    %delay 1000, 0;
    %pushi/vec4 1, 0, 1;
    %store/vec4 v0x562f7587e0d0_0, 0, 1;
    %pushi/vec4 1, 0, 1;
    %store/vec4 v0x562f7587ded0_0, 0, 1;
    %pushi/vec4 1, 0, 1;
    %store/vec4 v0x562f7587dfc0_0, 0, 1;
    %end;
    .thread T_0;
    .scope S_0x562f7585c6e0;
T_1 ;
    %vpi_call 2 36 "$monitor", $stime, "cin=%b a=%b b=%b r=%b cout=%b", v0x562f7587e0d0_0, v0x562f7587ded0_0, v0x562f7587dfc0_0, v0x562f7587e260_0, v0x562f7587e1c0_0 {0 0 0};
    %end;
    .thread T_1;
# The file index is used to find the file name in the following table.
:file_names 3;
    "N/A";
    "<interactive>";
    "checkInstall.v";
